
> @packages/msw-handler@1.0.0 build /Users/bongseok.sa/Desktop/workspace/galaxy-web/packages/msw-handler
> pnpm run build:package


> @packages/msw-handler@1.0.0 build:package /Users/bongseok.sa/Desktop/workspace/galaxy-web/packages/msw-handler
> tsup src/index.ts src/core.ts src/react.ts --format esm --dts --minify --clean

CLI Building entry: src/index.ts, src/core.ts, src/react.ts
CLI Using tsconfig: tsconfig.json
CLI tsup v7.2.0
CLI Target: es2020
CLI Cleaning output folder
ESM Build start
ESM dist/core.js             172.00 B
ESM dist/index.js            148.00 B
ESM dist/chunk-SIIBWP6M.js   866.00 B
ESM dist/react.js            138.00 B
ESM dist/chunk-OVJNTLHV.js   1000.00 B
ESM dist/chunk-DWMD2WUB.js   727.00 B
ESM dist/browser-52JZKK36.js 1.54 KB
ESM ⚡️ Build success in 29ms
DTS Build start
DTS ⚡️ Build success in 634ms
DTS dist/core.d.ts                691.00 B
DTS dist/react.d.ts               977.00 B
DTS dist/index.d.ts               171.00 B
DTS dist/createMock-f0846191.d.ts 1.25 KB
